This is pdfTeX, Version 3.1415926-2.5-1.40.14 (MiKTeX 2.9) (preloaded format=pdflatex 2015.3.24)  9 MAY 2017 08:16
entering extended mode
**report.tex

("E:\BE\Project\Machine Learning On Real-time Data\10. Report II (Final)\Draft\
Final Report\report.tex"
LaTeX2e <2011/06/27>
Babel <v3.8m> and hyphenation patterns for english, afrikaans, ancientgreek, ar
abic, armenian, assamese, basque, bengali, bokmal, bulgarian, catalan, coptic, 
croatian, czech, danish, dutch, esperanto, estonian, farsi, finnish, french, ga
lician, german, german-x-2013-05-26, greek, gujarati, hindi, hungarian, iceland
ic, indonesian, interlingua, irish, italian, kannada, kurmanji, latin, latvian,
 lithuanian, malayalam, marathi, mongolian, mongolianlmc, monogreek, ngerman, n
german-x-2013-05-26, nynorsk, oriya, panjabi, pinyin, polish, portuguese, roman
ian, russian, sanskrit, serbian, slovak, slovenian, spanish, swedish, swissgerm
an, tamil, telugu, turkish, turkmen, ukenglish, ukrainian, uppersorbian, usengl
ishmax, welsh, loaded.

("D:\Softwares\DOCUMENT PROCESSING\LaTeX\miktex-portable\tex\latex\base\report.
cls"
Document Class: report 2007/10/19 v1.4h Standard LaTeX document class

("D:\Softwares\DOCUMENT PROCESSING\LaTeX\miktex-portable\tex\latex\base\size12.
clo"
File: size12.clo 2007/10/19 v1.4h Standard LaTeX file (size option)
)
\c@part=\count79
\c@chapter=\count80
\c@section=\count81
\c@subsection=\count82
\c@subsubsection=\count83
\c@paragraph=\count84
\c@subparagraph=\count85
\c@figure=\count86
\c@table=\count87
\abovecaptionskip=\skip41
\belowcaptionskip=\skip42
\bibindent=\dimen102
)
("D:\Softwares\DOCUMENT PROCESSING\LaTeX\miktex-portable\tex\latex\graphics\gra
phicx.sty"
Package: graphicx 1999/02/16 v1.0f Enhanced LaTeX Graphics (DPC,SPQR)

("D:\Softwares\DOCUMENT PROCESSING\LaTeX\miktex-portable\tex\latex\graphics\key
val.sty"
Package: keyval 1999/03/16 v1.13 key=value parser (DPC)
\KV@toks@=\toks14
)
("D:\Softwares\DOCUMENT PROCESSING\LaTeX\miktex-portable\tex\latex\graphics\gra
phics.sty"
Package: graphics 2009/02/05 v1.0o Standard LaTeX Graphics (DPC,SPQR)

("D:\Softwares\DOCUMENT PROCESSING\LaTeX\miktex-portable\tex\latex\graphics\tri
g.sty"
Package: trig 1999/03/16 v1.09 sin cos tan (DPC)
)
("D:\Softwares\DOCUMENT PROCESSING\LaTeX\miktex-portable\tex\latex\00miktex\gra
phics.cfg"
File: graphics.cfg 2007/01/18 v1.5 graphics configuration of teTeX/TeXLive
)
Package graphics Info: Driver file: pdftex.def on input line 91.

("D:\Softwares\DOCUMENT PROCESSING\LaTeX\miktex-portable\tex\latex\pdftex-def\p
dftex.def"
File: pdftex.def 2011/05/27 v0.06d Graphics/color for pdfTeX

("D:\Softwares\DOCUMENT PROCESSING\LaTeX\miktex-portable\tex\generic\oberdiek\i
nfwarerr.sty"
Package: infwarerr 2010/04/08 v1.3 Providing info/warning/error messages (HO)
)
("D:\Softwares\DOCUMENT PROCESSING\LaTeX\miktex-portable\tex\generic\oberdiek\l
txcmds.sty"
Package: ltxcmds 2011/11/09 v1.22 LaTeX kernel commands for general use (HO)
)
\Gread@gobject=\count88
))
\Gin@req@height=\dimen103
\Gin@req@width=\dimen104
)
("D:\Softwares\DOCUMENT PROCESSING\LaTeX\miktex-portable\tex\latex\url\url.sty"
\Urlmuskip=\muskip10
Package: url 2013/09/16  ver 3.4  Verb mode for urls, etc.
)
("D:\Softwares\DOCUMENT PROCESSING\LaTeX\miktex-portable\tex\latex\hyperref\hyp
erref.sty"
Package: hyperref 2012/11/06 v6.83m Hypertext links for LaTeX

("D:\Softwares\DOCUMENT PROCESSING\LaTeX\miktex-portable\tex\generic\oberdiek\h
obsub-hyperref.sty"
Package: hobsub-hyperref 2012/04/25 v1.12 Bundle oberdiek, subset hyperref (HO)


("D:\Softwares\DOCUMENT PROCESSING\LaTeX\miktex-portable\tex\generic\oberdiek\h
obsub-generic.sty"
Package: hobsub-generic 2012/04/25 v1.12 Bundle oberdiek, subset generic (HO)
Package: hobsub 2012/04/25 v1.12 Construct package bundles (HO)
Package hobsub Info: Skipping package `infwarerr' (already loaded).
Package hobsub Info: Skipping package `ltxcmds' (already loaded).
Package: ifluatex 2010/03/01 v1.3 Provides the ifluatex switch (HO)
Package ifluatex Info: LuaTeX not detected.
Package: ifvtex 2010/03/01 v1.5 Detect VTeX and its facilities (HO)
Package ifvtex Info: VTeX not detected.
Package: intcalc 2007/09/27 v1.1 Expandable calculations with integers (HO)
Package: ifpdf 2011/01/30 v2.3 Provides the ifpdf switch (HO)
Package ifpdf Info: pdfTeX in PDF mode is detected.
Package: etexcmds 2011/02/16 v1.5 Avoid name clashes with e-TeX commands (HO)
Package etexcmds Info: Could not find \expanded.
(etexcmds)             That can mean that you are not using pdfTeX 1.50 or
(etexcmds)             that some package has redefined \expanded.
(etexcmds)             In the latter case, load this package earlier.
Package: kvsetkeys 2012/04/25 v1.16 Key value parser (HO)
Package: kvdefinekeys 2011/04/07 v1.3 Define keys (HO)
Package: pdftexcmds 2011/11/29 v0.20 Utility functions of pdfTeX for LuaTeX (HO
)
Package pdftexcmds Info: LuaTeX not detected.
Package pdftexcmds Info: \pdf@primitive is available.
Package pdftexcmds Info: \pdf@ifprimitive is available.
Package pdftexcmds Info: \pdfdraftmode found.
Package: pdfescape 2011/11/25 v1.13 Implements pdfTeX's escape features (HO)
Package: bigintcalc 2012/04/08 v1.3 Expandable calculations on big integers (HO
)
Package: bitset 2011/01/30 v1.1 Handle bit-vector datatype (HO)
Package: uniquecounter 2011/01/30 v1.2 Provide unlimited unique counter (HO)
)
Package hobsub Info: Skipping package `hobsub' (already loaded).
Package: letltxmacro 2010/09/02 v1.4 Let assignment for LaTeX macros (HO)
Package: hopatch 2011/06/24 v1.1 Wrapper for package hooks (HO)
Package: xcolor-patch 2011/01/30 xcolor patch
Package: atveryend 2011/06/30 v1.8 Hooks at the very end of document (HO)
Package atveryend Info: \enddocument detected (standard20110627).
Package: atbegshi 2011/10/05 v1.16 At begin shipout hook (HO)
Package: refcount 2011/10/16 v3.4 Data extraction from label references (HO)
Package: hycolor 2011/01/30 v1.7 Color options for hyperref/bookmark (HO)
)
("D:\Softwares\DOCUMENT PROCESSING\LaTeX\miktex-portable\tex\generic\ifxetex\if
xetex.sty"
Package: ifxetex 2010/09/12 v0.6 Provides ifxetex conditional
)
("D:\Softwares\DOCUMENT PROCESSING\LaTeX\miktex-portable\tex\latex\oberdiek\aux
hook.sty"
Package: auxhook 2011/03/04 v1.3 Hooks for auxiliary files (HO)
)
("D:\Softwares\DOCUMENT PROCESSING\LaTeX\miktex-portable\tex\latex\oberdiek\kvo
ptions.sty"
Package: kvoptions 2011/06/30 v3.11 Key value format for package options (HO)
)
\@linkdim=\dimen105
\Hy@linkcounter=\count89
\Hy@pagecounter=\count90

("D:\Softwares\DOCUMENT PROCESSING\LaTeX\miktex-portable\tex\latex\hyperref\pd1
enc.def"
File: pd1enc.def 2012/11/06 v6.83m Hyperref: PDFDocEncoding definition (HO)
)
\Hy@SavedSpaceFactor=\count91

("D:\Softwares\DOCUMENT PROCESSING\LaTeX\miktex-portable\tex\latex\00miktex\hyp
erref.cfg"
File: hyperref.cfg 2002/06/06 v1.2 hyperref configuration of TeXLive
)
Package hyperref Info: Option `bookmarks' set `true' on input line 4319.
Package hyperref Info: Option `colorlinks' set `false' on input line 4319.
Package hyperref Info: Hyper figures OFF on input line 4443.
Package hyperref Info: Link nesting OFF on input line 4448.
Package hyperref Info: Hyper index ON on input line 4451.
Package hyperref Info: Plain pages OFF on input line 4458.
Package hyperref Info: Backreferencing OFF on input line 4463.
Package hyperref Info: Implicit mode ON; LaTeX internals redefined.
Package hyperref Info: Bookmarks ON on input line 4688.
\c@Hy@tempcnt=\count92
LaTeX Info: Redefining \url on input line 5041.
\XeTeXLinkMargin=\dimen106
\Fld@menulength=\count93
\Field@Width=\dimen107
\Fld@charsize=\dimen108
Package hyperref Info: Hyper figures OFF on input line 6295.
Package hyperref Info: Link nesting OFF on input line 6300.
Package hyperref Info: Hyper index ON on input line 6303.
Package hyperref Info: backreferencing OFF on input line 6310.
Package hyperref Info: Link coloring OFF on input line 6315.
Package hyperref Info: Link coloring with OCG OFF on input line 6320.
Package hyperref Info: PDF/A mode OFF on input line 6325.
LaTeX Info: Redefining \ref on input line 6365.
LaTeX Info: Redefining \pageref on input line 6369.
\Hy@abspage=\count94
\c@Item=\count95
\c@Hfootnote=\count96
)

Package hyperref Message: Driver (autodetected): hpdftex.


("D:\Softwares\DOCUMENT PROCESSING\LaTeX\miktex-portable\tex\latex\hyperref\hpd
ftex.def"
File: hpdftex.def 2012/11/06 v6.83m Hyperref driver for pdfTeX
\Fld@listcount=\count97
\c@bookmark@seq@number=\count98

("D:\Softwares\DOCUMENT PROCESSING\LaTeX\miktex-portable\tex\latex\oberdiek\rer
unfilecheck.sty"
Package: rerunfilecheck 2011/04/15 v1.7 Rerun checks for auxiliary files (HO)
Package uniquecounter Info: New unique counter `rerunfilecheck' on input line 2
82.
)
\Hy@SectionHShift=\skip43
)
("D:\Softwares\DOCUMENT PROCESSING\LaTeX\miktex-portable\tex\latex\tools\verbat
im.sty"
Package: verbatim 2003/08/22 v1.5q LaTeX2e package for verbatim enhancements
\every@verbatim=\toks15
\verbatim@line=\toks16
\verbatim@in@stream=\read1
)
("D:\Softwares\DOCUMENT PROCESSING\LaTeX\miktex-portable\tex\latex\float\float.
sty"
Package: float 2001/11/08 v1.3d Float enhancements (AL)
\c@float@type=\count99
\float@exts=\toks17
\float@box=\box26
\@float@everytoks=\toks18
\@floatcapt=\box27
)
("D:\Softwares\DOCUMENT PROCESSING\LaTeX\miktex-portable\tex\latex\fancyhdr\fan
cyhdr.sty"
\fancy@headwidth=\skip44
\f@ncyO@elh=\skip45
\f@ncyO@erh=\skip46
\f@ncyO@olh=\skip47
\f@ncyO@orh=\skip48
\f@ncyO@elf=\skip49
\f@ncyO@erf=\skip50
\f@ncyO@olf=\skip51
\f@ncyO@orf=\skip52
)
("E:\BE\Project\Machine Learning On Real-time Data\10. Report II (Final)\Draft\
Final Report\report.aux"

LaTeX Warning: Label `' multiply defined.


LaTeX Warning: Label `' multiply defined.


LaTeX Warning: Label `' multiply defined.


LaTeX Warning: Label `' multiply defined.


LaTeX Warning: Label `' multiply defined.


LaTeX Warning: Label `' multiply defined.


LaTeX Warning: Label `' multiply defined.


LaTeX Warning: Label `' multiply defined.


LaTeX Warning: Label `' multiply defined.


LaTeX Warning: Label `' multiply defined.

)
LaTeX Font Info:    Checking defaults for OML/cmm/m/it on input line 44.
LaTeX Font Info:    ... okay on input line 44.
LaTeX Font Info:    Checking defaults for T1/cmr/m/n on input line 44.
LaTeX Font Info:    ... okay on input line 44.
LaTeX Font Info:    Checking defaults for OT1/cmr/m/n on input line 44.
LaTeX Font Info:    ... okay on input line 44.
LaTeX Font Info:    Checking defaults for OMS/cmsy/m/n on input line 44.
LaTeX Font Info:    ... okay on input line 44.
LaTeX Font Info:    Checking defaults for OMX/cmex/m/n on input line 44.
LaTeX Font Info:    ... okay on input line 44.
LaTeX Font Info:    Checking defaults for U/cmr/m/n on input line 44.
LaTeX Font Info:    ... okay on input line 44.
LaTeX Font Info:    Checking defaults for PD1/pdf/m/n on input line 44.
LaTeX Font Info:    ... okay on input line 44.

("D:\Softwares\DOCUMENT PROCESSING\LaTeX\miktex-portable\tex\context\base\supp-
pdf.mkii"
[Loading MPS to PDF converter (version 2006.09.02).]
\scratchcounter=\count100
\scratchdimen=\dimen109
\scratchbox=\box28
\nofMPsegments=\count101
\nofMParguments=\count102
\everyMPshowfont=\toks19
\MPscratchCnt=\count103
\MPscratchDim=\dimen110
\MPnumerator=\count104
\makeMPintoPDFobject=\count105
\everyMPtoPDFconversion=\toks20
)
\AtBeginShipoutBox=\box29
Package hyperref Info: Link coloring OFF on input line 44.

("D:\Softwares\DOCUMENT PROCESSING\LaTeX\miktex-portable\tex\latex\hyperref\nam
eref.sty"
Package: nameref 2012/10/27 v2.43 Cross-referencing by name of section

("D:\Softwares\DOCUMENT PROCESSING\LaTeX\miktex-portable\tex\generic\oberdiek\g
ettitlestring.sty"
Package: gettitlestring 2010/12/03 v1.4 Cleanup title references (HO)
)
\c@section@level=\count106
)
LaTeX Info: Redefining \ref on input line 44.
LaTeX Info: Redefining \pageref on input line 44.
LaTeX Info: Redefining \nameref on input line 44.

("E:\BE\Project\Machine Learning On Real-time Data\10. Report II (Final)\Draft\
Final Report\report.out")
("E:\BE\Project\Machine Learning On Real-time Data\10. Report II (Final)\Draft\
Final Report\report.out")
\@outlinefile=\write3

("E:\BE\Project\Machine Learning On Real-time Data\10. Report II (Final)\Draft\
Final Report\InitialPages\title.tex"
<./InitialPages/al_ameen-logo.png, id=207, 225.84375pt x 176.91093pt>
File: ./InitialPages/al_ameen-logo.png Graphic file (type png)

<use ./InitialPages/al_ameen-logo.png>
Package pdftex.def Info: ./InitialPages/al_ameen-logo.png used on input line 70
.
(pdftex.def)             Requested size: 105.30167pt x 82.48677pt.
 [1

{D:/Softwares/DOCUMENT PROCESSING/LaTeX/miktex-portable/pdftex/config/pdftex.ma
p} <E:/BE/Project/Machine Learning On Real-time Data/10. Report II (Final)/Draf
t/Final Report/InitialPages/al_ameen-logo.png>])
("E:\BE\Project\Machine Learning On Real-time Data\10. Report II (Final)\Draft\
Final Report\InitialPages\certificate.tex"
File: ./InitialPages/al_ameen-logo.png Graphic file (type png)

<use ./InitialPages/al_ameen-logo.png>
Package pdftex.def Info: ./InitialPages/al_ameen-logo.png used on input line 15
.
(pdftex.def)             Requested size: 105.30167pt x 82.48677pt.

Underfull \hbox (badness 10000) in paragraph at lines 26--28

 []


Underfull \hbox (badness 10000) in paragraph at lines 48--52

 []

Missing character: There is no ‚ in font cmr12!
Missing character: There is no Ä in font cmr12!
Missing character: There is no ô in font cmr12!

Underfull \hbox (badness 10000) in paragraph at lines 53--57

 []

)
("E:\BE\Project\Machine Learning On Real-time Data\10. Report II (Final)\Draft\
Final Report\InitialPages\approval-sheet.tex"pdfTeX warning (ext4): destination
 with the same identifier (name{page.1}) has been already used, duplicate ignor
ed
<to be read again> 
                   \relax 
l.1 \newpage
             [1]
Missing character: There is no ‚ in font cmbx12!
Missing character: There is no Ä in font cmbx12!
Missing character: There is no ô in font cmbx12!
)
("E:\BE\Project\Machine Learning On Real-time Data\10. Report II (Final)\Draft\
Final Report\InitialPages\acknow.tex" [2]
Underfull \hbox (badness 10000) in paragraph at lines 15--17

 []


Underfull \hbox (badness 10000) in paragraph at lines 18--18

 []

Missing character: There is no ‚ in font cmr12!
Missing character: There is no Ä in font cmr12!
Missing character: There is no ô in font cmr12!
[3

])
("E:\BE\Project\Machine Learning On Real-time Data\10. Report II (Final)\Draft\
Final Report\InitialPages\abstract.tex"
Missing character: There is no ‚ in font cmr12!
Missing character: There is no Ä in font cmr12!
Missing character: There is no ú in font cmr12!
Missing character: There is no ‚ in font cmr12!
Missing character: There is no Ä in font cmr12!
Missing character: There is no ù in font cmr12!
Missing character: There is no ‚ in font cmr12!
Missing character: There is no Ä in font cmr12!
Missing character: There is no ô in font cmr12!
Missing character: There is no ‚ in font cmr12!
Missing character: There is no Ä in font cmr12!
Missing character: There is no ô in font cmr12!
pdfTeX warning (ext4): destination with the same identifier (name{page.1}) has 
been already used, duplicate ignored
<to be read again> 
                   \relax 
l.19 \end{abstract}
                    [1])
("E:\BE\Project\Machine Learning On Real-time Data\10. Report II (Final)\Draft\
Final Report\report.toc"
LaTeX Font Info:    External font `cmex10' loaded for size
(Font)              <12> on input line 7.
LaTeX Font Info:    External font `cmex10' loaded for size
(Font)              <8> on input line 7.
LaTeX Font Info:    External font `cmex10' loaded for size
(Font)              <6> on input line 7.
 [1

])
\tf@toc=\write4


Package Fancyhdr Warning: \headheight is too small (12.0pt): 
 Make it at least 14.49998pt.
 We now make it that large for the rest of the document.
 This may cause the page layout to be inconsistent, however.

Missing character: There is no ‚ in font cmr12!
Missing character: There is no Ä in font cmr12!
Missing character: There is no ô in font cmr12!
[2]
("E:\BE\Project\Machine Learning On Real-time Data\10. Report II (Final)\Draft\
Final Report\report.lof")
\tf@lof=\write5
 [3

]
("E:\BE\Project\Machine Learning On Real-time Data\10. Report II (Final)\Draft\
Final Report\report.lot")
\tf@lot=\write6
 [4

]
("E:\BE\Project\Machine Learning On Real-time Data\10. Report II (Final)\Draft\
Final Report\Chapter1\introduction.tex"
Chapter 1.
)
("E:\BE\Project\Machine Learning On Real-time Data\10. Report II (Final)\Draft\
Final Report\Chapter2\analysis.tex"pdfTeX warning (ext4): destination with the 
same identifier (name{page.1}) has been already used, duplicate ignored
<to be read again> 
                   \relax 
l.1 \chapter
            {Analysis} [1

]
Chapter 2.
<./Chapter2/gantt-chart.png, id=337, 803.0pt x 644.4075pt>
File: ./Chapter2/gantt-chart.png Graphic file (type png)

<use ./Chapter2/gantt-chart.png>
Package pdftex.def Info: ./Chapter2/gantt-chart.png used on input line 9.
(pdftex.def)             Requested size: 390.0pt x 312.97974pt.
pdfTeX warning (ext4): destination with the same identifier (name{page.2}) has 
been already used, duplicate ignored
<to be read again> 
                   \relax 
l.13 \section
             {Requirement Analysis} [2

pdfTeX warning (ext4): destination with the same identifier (name{figure.2.1}) 
has been already used, duplicate ignored

\AtBegShi@Output ...ipout \box \AtBeginShipoutBox 
                                                  \fi \fi 
l.13 \section
             {Requirement Analysis} <E:/BE/Project/Machine Learning On Real-tim
e Data/10. Report II (Final)/Draft/Final Report/Chapter2/gantt-chart.png>])
("E:\BE\Project\Machine Learning On Real-time Data\10. Report II (Final)\Draft\
Final Report\Chapter3\design.tex"
Missing character: There is no ‚ in font cmr12!
Missing character: There is no Ä in font cmr12!
Missing character: There is no ô in font cmr12!
pdfTeX warning (ext4): destination with the same identifier (name{page.3}) has 
been already used, duplicate ignored
<to be read again> 
                   \relax 
l.1 \chapter
            {Design} [3]
Chapter 3.

Overfull \hbox (7.50282pt too wide) in paragraph at lines 33--34
[]\OT1/cmr/m/n/12 Flask micro-framework for im-ple-ment-ing con-troller's web i
n-ter-face (pack-
 []

[4

]
Missing character: There is no ‚ in font cmr12!
Missing character: There is no Ä in font cmr12!
Missing character: There is no ô in font cmr12!
 [5] <./Chapter3/client-t1-t2.png, id=371, 711.6186pt x 473.6094pt>
File: ./Chapter3/client-t1-t2.png Graphic file (type png)

<use ./Chapter3/client-t1-t2.png>
Package pdftex.def Info: ./Chapter3/client-t1-t2.png used on input line 61.
(pdftex.def)             Requested size: 390.0pt x 259.56818pt.

<./Chapter3/client-t1.png, id=372, 700.0554pt x 477.4638pt>
File: ./Chapter3/client-t1.png Graphic file (type png)

<use ./Chapter3/client-t1.png>
Package pdftex.def Info: ./Chapter3/client-t1.png used on input line 68.
(pdftex.def)             Requested size: 390.0pt x 266.00095pt.
Missing character: There is no ‚ in font cmr12!
Missing character: There is no Ä in font cmr12!
Missing character: There is no ô in font cmr12!
 [6pdfTeX warning (ext4): destination with the same identifier (name{figure.3.1
}) has been already used, duplicate ignored

\AtBegShi@Output ...ipout \box \AtBeginShipoutBox 
                                                  \fi \fi 
l.71 	\paragraph
                {} <E:/BE/Project/Machine Learning On Real-time Data/10. Report
 II (Final)/Draft/Final Report/Chapter3/client-t1-t2.png>]
<./Chapter3/t1-t2.png, id=381, 696.6828pt x 476.982pt>
File: ./Chapter3/t1-t2.png Graphic file (type png)

<use ./Chapter3/t1-t2.png>
Package pdftex.def Info: ./Chapter3/t1-t2.png used on input line 80.
(pdftex.def)             Requested size: 390.0pt x 267.02075pt.
Missing character: There is no ‚ in font cmr12!
Missing character: There is no Ä in font cmr12!
Missing character: There is no ô in font cmr12!
 [7pdfTeX warning (ext4): destination with the same identifier (name{figure.3.2
}) has been already used, duplicate ignored

\AtBegShi@Output ...ipout \box \AtBeginShipoutBox 
                                                  \fi \fi 
l.83 	\paragraph
                {} <E:/BE/Project/Machine Learning On Real-time Data/10. Report
 II (Final)/Draft/Final Report/Chapter3/client-t1.png>]
Missing character: There is no ‚ in font cmr12!
Missing character: There is no Ä in font cmr12!
Missing character: There is no ô in font cmr12!
 [8pdfTeX warning (ext4): destination with the same identifier (name{figure.3.3
}) has been already used, duplicate ignored

\AtBegShi@Output ...ipout \box \AtBeginShipoutBox 
                                                  \fi \fi 
l.87 \subsection
                {Required Performance} <E:/BE/Project/Machine Learning On Real-
time Data/10. Report II (Final)/Draft/Final Report/Chapter3/t1-t2.png>]
Missing character: There is no ‚ in font cmr12!
Missing character: There is no Ä in font cmr12!
Missing character: There is no ô in font cmr12!

[9]
Missing character: There is no ‚ in font cmr12!
Missing character: There is no Ä in font cmr12!
Missing character: There is no ô in font cmr12!
 [10])
("E:\BE\Project\Machine Learning On Real-time Data\10. Report II (Final)\Draft\
Final Report\Chapter4\modelling.tex"
Missing character: There is no ‚ in font cmr12!
Missing character: There is no Ä in font cmr12!
Missing character: There is no ô in font cmr12!
 [11]
Chapter 4.
<./Chapter4/dfd.png, id=431, 697.6464pt x 491.9178pt>
File: ./Chapter4/dfd.png Graphic file (type png)
 <use ./Chapter4/dfd.png>
Package pdftex.def Info: ./Chapter4/dfd.png used on input line 9.
(pdftex.def)             Requested size: 390.0pt x 274.9992pt.

<./Chapter4/state-transition.png, id=432, 580.569pt x 320.397pt>
File: ./Chapter4/state-transition.png Graphic file (type png)

<use ./Chapter4/state-transition.png>
Package pdftex.def Info: ./Chapter4/state-transition.png used on input line 16.

(pdftex.def)             Requested size: 390.0pt x 215.22708pt.
 [12

pdfTeX warning (ext4): destination with the same identifier (name{figure.4.1}) 
has been already used, duplicate ignored

\AtBegShi@Output ...ipout \box \AtBeginShipoutBox 
                                                  \fi \fi 
l.18 \end{figure}
                  <E:/BE/Project/Machine Learning On Real-time Data/10. Report 
II (Final)/Draft/Final Report/Chapter4/dfd.png>]
Underfull \hbox (badness 10000) in paragraph at lines 20--31

 []


Underfull \hbox (badness 10000) in paragraph at lines 20--31

 []

Missing character: There is no ‚ in font cmr12!
Missing character: There is no Ä in font cmr12!
Missing character: There is no ô in font cmr12!
[13pdfTeX warning (ext4): destination with the same identifier (name{figure.4.2
}) has been already used, duplicate ignored

\AtBegShi@Output ...ipout \box \AtBeginShipoutBox 
                                                  \fi \fi 
l.34 
      <E:/BE/Project/Machine Learning On Real-time Data/10. Report II (Final)/D
raft/Final Report/Chapter4/state-transition.png>])
("E:\BE\Project\Machine Learning On Real-time Data\10. Report II (Final)\Draft\
Final Report\Chapter5\system-design.tex"
Missing character: There is no ‚ in font cmr12!
Missing character: There is no Ä in font cmr12!
Missing character: There is no ô in font cmr12!
 [14]
Chapter 5.
<./Chapter5/system-architecture.png, id=448, 713.064pt x 360.8682pt>
File: ./Chapter5/system-architecture.png Graphic file (type png)

<use ./Chapter5/system-architecture.png>
Package pdftex.def Info: ./Chapter5/system-architecture.png used on input line 
13.
(pdftex.def)             Requested size: 390.0pt x 197.37683pt.

<./Chapter5/UseCaseDiagram.png, id=449, 780.9175pt x 363.3575pt>
File: ./Chapter5/UseCaseDiagram.png Graphic file (type png)

<use ./Chapter5/UseCaseDiagram.png>
Package pdftex.def Info: ./Chapter5/UseCaseDiagram.png used on input line 24.
(pdftex.def)             Requested size: 390.0pt x 181.46207pt.
 [15

pdfTeX warning (ext4): destination with the same identifier (name{figure.5.1}) 
has been already used, duplicate ignored

\AtBegShi@Output ...ipout \box \AtBeginShipoutBox 
                                                  \fi \fi 
l.27 	\paragraph
                {} <E:/BE/Project/Machine Learning On Real-time Data/10. Report
 II (Final)/Draft/Final Report/Chapter5/system-architecture.png>]
<./Chapter5/ClassDiagram.png, id=456, 822.07124pt x 371.3875pt>
File: ./Chapter5/ClassDiagram.png Graphic file (type png)

<use ./Chapter5/ClassDiagram.png>
Package pdftex.def Info: ./Chapter5/ClassDiagram.png used on input line 33.
(pdftex.def)             Requested size: 390.0pt x 176.18988pt.
Missing character: There is no ‚ in font cmr12!
Missing character: There is no Ä in font cmr12!
Missing character: There is no ô in font cmr12!
 [16pdfTeX warning (ext4): destination with the same identifier (name{figure.5.
2}) has been already used, duplicate ignored

\AtBegShi@Output ...ipout \box \AtBeginShipoutBox 
                                                  \fi \fi 
l.36 
      <E:/BE/Project/Machine Learning On Real-time Data/10. Report II (Final)/D
raft/Final Report/Chapter5/UseCaseDiagram.png>]
<./Chapter5/ActivityDiagram.png, id=464, 336.25626pt x 879.285pt>
File: ./Chapter5/ActivityDiagram.png Graphic file (type png)

<use ./Chapter5/ActivityDiagram.png>
Package pdftex.def Info: ./Chapter5/ActivityDiagram.png used on input line 43.
(pdftex.def)             Requested size: 168.12772pt x 439.64143pt.
Missing character: There is no ‚ in font cmr12!
Missing character: There is no Ä in font cmr12!
Missing character: There is no ô in font cmr12!
 [17pdfTeX warning (ext4): destination with the same identifier (name{figure.5.
3}) has been already used, duplicate ignored

\AtBegShi@Output ...ipout \box \AtBeginShipoutBox 
                                                  \fi \fi 
l.46 	\paragraph
                {} <E:/BE/Project/Machine Learning On Real-time Data/10. Report
 II (Final)/Draft/Final Report/Chapter5/ClassDiagram.png>]
<./Chapter5/SequenceDiagram.png, id=471, 783.92876pt x 342.27875pt>
File: ./Chapter5/SequenceDiagram.png Graphic file (type png)

<use ./Chapter5/SequenceDiagram.png>
Package pdftex.def Info: ./Chapter5/SequenceDiagram.png used on input line 51.
(pdftex.def)             Requested size: 390.0pt x 170.28241pt.
Missing character: There is no ‚ in font cmr12!
Missing character: There is no Ä in font cmr12!
Missing character: There is no ô in font cmr12!
 [18pdfTeX warning (ext4): destination with the same identifier (name{figure.5.
4}) has been already used, duplicate ignored

\AtBegShi@Output ...ipout \box \AtBeginShipoutBox 
                                                  \fi \fi 
l.54 	\paragraph
                {} <E:/BE/Project/Machine Learning On Real-time Data/10. Report
 II (Final)/Draft/Final Report/Chapter5/ActivityDiagram.png>])
("E:\BE\Project\Machine Learning On Real-time Data\10. Report II (Final)\Draft\
Final Report\Chapter6\coding.tex"
Missing character: There is no ‚ in font cmr12!
Missing character: There is no Ä in font cmr12!
Missing character: There is no ô in font cmr12!
 [19pdfTeX warning (ext4): destination with the same identifier (name{figure.5.
5}) has been already used, duplicate ignored

\AtBegShi@Output ...ipout \box \AtBeginShipoutBox 
                                                  \fi \fi 
l.1 \chapter
            {Coding} <E:/BE/Project/Machine Learning On Real-time Data/10. Repo
rt II (Final)/Draft/Final Report/Chapter5/SequenceDiagram.png>]
Chapter 6.
Missing character: There is no ‚ in font cmr12!
Missing character: There is no Ä in font cmr12!
Missing character: There is no ô in font cmr12!
[20

]
Missing character: There is no ‚ in font cmr12!
Missing character: There is no Ä in font cmr12!
Missing character: There is no î in font cmr12!
Missing character: There is no ‚ in font cmr12!
Missing character: There is no Ä in font cmr12!
Missing character: There is no ô in font cmr12!
 [21]
Missing character: There is no ‚ in font cmr12!
Missing character: There is no Ä in font cmr12!
Missing character: There is no ò in font cmr12!
Missing character: There is no ‚ in font cmr12!
Missing character: There is no Ä in font cmr12!
Missing character: There is no ô in font cmr12!
Missing character: There is no ‚ in font cmr12!
Missing character: There is no Ä in font cmr12!
Missing character: There is no ô in font cmr12!
 [22]
Missing character: There is no ‚ in font cmr12!
Missing character: There is no Ä in font cmr12!
Missing character: There is no ô in font cmr12!
 [23]
Missing character: There is no ‚ in font cmr12!
Missing character: There is no Ä in font cmr12!
Missing character: There is no ô in font cmr12!
 [24]
Missing character: There is no ‚ in font cmr12!
Missing character: There is no Ä in font cmr12!
Missing character: There is no ô in font cmr12!
 [25]
Overfull \hbox (13.6598pt too wide) in paragraph at lines 160--161
 [][] \OT1/cmr/m/n/12 HTML can em-bed pro-grams writ-ten in a script-ing lan-gu
age such as JavaScript
 []

Missing character: There is no ‚ in font cmr12!
Missing character: There is no Ä in font cmr12!
Missing character: There is no ô in font cmr12!
[26]
Missing character: There is no ‚ in font cmr12!
Missing character: There is no Ä in font cmr12!
Missing character: There is no ô in font cmr12!
 [27]
Missing character: There is no ‚ in font cmr12!
Missing character: There is no Ä in font cmr12!
Missing character: There is no ô in font cmr12!
 [28]
Overfull \hbox (7.57034pt too wide) in paragraph at lines 252--253
[]\OT1/cmr/bx/n/12 Raspberry Pi \OT1/cmr/m/n/12 The Pi is be-ing used to de-sig
n a smart de-vice enumerator-
 []

Missing character: There is no ‚ in font cmr12!
Missing character: There is no Ä in font cmr12!
Missing character: There is no ô in font cmr12!
[29]
Missing character: There is no ‚ in font cmr12!
Missing character: There is no Ä in font cmr12!
Missing character: There is no ô in font cmr12!
 [30])
("E:\BE\Project\Machine Learning On Real-time Data\10. Report II (Final)\Draft\
Final Report\Chapter7\result-sets.tex"
Missing character: There is no ‚ in font cmr12!
Missing character: There is no Ä in font cmr12!
Missing character: There is no ô in font cmr12!
 [31]
Chapter 7.
)
("E:\BE\Project\Machine Learning On Real-time Data\10. Report II (Final)\Draft\
Final Report\Chapter8\testing.tex" [32

]
Chapter 8.
)
("E:\BE\Project\Machine Learning On Real-time Data\10. Report II (Final)\Draft\
Final Report\Chapter9\conclusion.tex" [33

]
Chapter 9.
)
("E:\BE\Project\Machine Learning On Real-time Data\10. Report II (Final)\Draft\
Final Report\Chapter10\references.tex" [34

] [35


pdfTeX warning (ext4): destination with the same identifier (name{cite.}) has b
een already used, duplicate ignored

\AtBegShi@Output ...ipout \box \AtBeginShipoutBox 
                                                  \fi \fi 
l.29 
     pdfTeX warning (ext4): destination with the same identifier (name{cite.}) 
has been already used, duplicate ignored

\AtBegShi@Output ...ipout \box \AtBeginShipoutBox 
                                                  \fi \fi 
l.29 
     pdfTeX warning (ext4): destination with the same identifier (name{cite.}) 
has been already used, duplicate ignored

\AtBegShi@Output ...ipout \box \AtBeginShipoutBox 
                                                  \fi \fi 
l.29 
     pdfTeX warning (ext4): destination with the same identifier (name{cite.}) 
has been already used, duplicate ignored

\AtBegShi@Output ...ipout \box \AtBeginShipoutBox 
                                                  \fi \fi 
l.29 
     pdfTeX warning (ext4): destination with the same identifier (name{cite.}) 
has been already used, duplicate ignored

\AtBegShi@Output ...ipout \box \AtBeginShipoutBox 
                                                  \fi \fi 
l.29 
     pdfTeX warning (ext4): destination with the same identifier (name{cite.}) 
has been already used, duplicate ignored

\AtBegShi@Output ...ipout \box \AtBeginShipoutBox 
                                                  \fi \fi 
l.29 
     pdfTeX warning (ext4): destination with the same identifier (name{cite.}) 
has been already used, duplicate ignored

\AtBegShi@Output ...ipout \box \AtBeginShipoutBox 
                                                  \fi \fi 
l.29 
     pdfTeX warning (ext4): destination with the same identifier (name{cite.}) 
has been already used, duplicate ignored

\AtBegShi@Output ...ipout \box \AtBeginShipoutBox 
                                                  \fi \fi 
l.29 
     ]pdfTeX warning (ext4): destination with the same identifier (name{cite.})
 has been already used, duplicate ignored
<to be read again> 
                   \relax 
l.30 \bibitem{}
               Parisa Rashidi, Student Member, IEEE, and Diane J. Cook, Fell...
)
("E:\BE\Project\Machine Learning On Real-time Data\10. Report II (Final)\Draft\
Final Report\EndPages\plagiarism-check.tex"
Missing character: There is no ‚ in font cmr12!
Missing character: There is no Ä in font cmr12!
Missing character: There is no ô in font cmr12!
 [36pdfTeX warning (ext4): destination with the same identifier (name{cite.}) h
as been already used, duplicate ignored

\AtBegShi@Output ...ipout \box \AtBeginShipoutBox 
                                                  \fi \fi 
l.1 \cleardoublepage
                    ])
("E:\BE\Project\Machine Learning On Real-time Data\10. Report II (Final)\Draft\
Final Report\EndPages\published-by.tex" [37


])
Package atveryend Info: Empty hook `BeforeClearDocument' on input line 110.
 [38


]
Package atveryend Info: Empty hook `AfterLastShipout' on input line 110.

("E:\BE\Project\Machine Learning On Real-time Data\10. Report II (Final)\Draft\
Final Report\report.aux")
Package atveryend Info: Executing hook `AtVeryEndDocument' on input line 110.
Package atveryend Info: Executing hook `AtEndAfterFileList' on input line 110.
Package rerunfilecheck Info: File `report.out' has not changed.
(rerunfilecheck)             Checksum: D523867510440845CDDEB234033DFDD1;3263.


LaTeX Warning: There were multiply-defined labels.

Package atveryend Info: Empty hook `AtVeryVeryEnd' on input line 110.
 ) 
Here is how much of TeX's memory you used:
 5585 strings out of 493921
 89072 string characters out of 3136416
 159652 words of memory out of 3000000
 8551 multiletter control sequences out of 15000+200000
 8969 words of font info for 32 fonts, out of 3000000 for 9000
 841 hyphenation exceptions out of 8191
 29i,10n,43p,1564b,478s stack positions out of 5000i,500n,10000p,200000b,50000s
<D:/Softwares/DOCUMENT PROCESSING/LaTeX/miktex-portable/fonts/type1/public/am
sfonts/cm/cmbx12.pfb><D:/Softwares/DOCUMENT PROCESSING/LaTeX/miktex-portable/fo
nts/type1/public/amsfonts/cm/cmmi12.pfb><D:/Softwares/DOCUMENT PROCESSING/LaTeX
/miktex-portable/fonts/type1/public/amsfonts/cm/cmmi8.pfb><D:/Softwares/DOCUMEN
T PROCESSING/LaTeX/miktex-portable/fonts/type1/public/amsfonts/cm/cmr10.pfb><D:
/Softwares/DOCUMENT PROCESSING/LaTeX/miktex-portable/fonts/type1/public/amsfont
s/cm/cmr12.pfb><D:/Softwares/DOCUMENT PROCESSING/LaTeX/miktex-portable/fonts/ty
pe1/public/amsfonts/cm/cmsy10.pfb><D:/Softwares/DOCUMENT PROCESSING/LaTeX/mikte
x-portable/fonts/type1/public/amsfonts/cm/cmsy8.pfb><D:/Softwares/DOCUMENT PROC
ESSING/LaTeX/miktex-portable/fonts/type1/public/amsfonts/cm/cmtt12.pfb>
Output written on report.pdf (47 pages, 686356 bytes).
PDF statistics:
 695 PDF objects out of 1000 (max. 8388607)
 219 named destinations out of 1000 (max. 500000)
 469 words of extra memory for PDF output out of 10000 (max. 10000000)

