\BOOKMARK [0][-]{chapter.1}{Introduction}{}% 1
\BOOKMARK [1][-]{section.1.1}{Detailed Problem Definition}{chapter.1}% 2
\BOOKMARK [1][-]{section.1.2}{Brief Description}{chapter.1}% 3
\BOOKMARK [0][-]{chapter.2}{Analysis}{}% 4
\BOOKMARK [1][-]{section.2.1}{Project Plan}{chapter.2}% 5
\BOOKMARK [1][-]{section.2.2}{Requirement Analysis}{chapter.2}% 6
\BOOKMARK [1][-]{section.2.3}{Team Structure}{chapter.2}% 7
\BOOKMARK [0][-]{chapter.3}{Design}{}% 8
\BOOKMARK [1][-]{section.3.1}{Software Requirements}{chapter.3}% 9
\BOOKMARK [1][-]{section.3.2}{Hardware Requirements}{chapter.3}% 10
\BOOKMARK [1][-]{section.3.3}{Software Requirements Specification}{chapter.3}% 11
\BOOKMARK [2][-]{subsection.3.3.1}{Functionality}{section.3.3}% 12
\BOOKMARK [2][-]{subsection.3.3.2}{External Interfaces}{section.3.3}% 13
\BOOKMARK [2][-]{subsection.3.3.3}{Required Performance}{section.3.3}% 14
\BOOKMARK [2][-]{subsection.3.3.4}{Quality Attributes}{section.3.3}% 15
\BOOKMARK [2][-]{subsection.3.3.5}{Design Constraints}{section.3.3}% 16
\BOOKMARK [0][-]{chapter.4}{Modelling}{}% 17
\BOOKMARK [1][-]{section.4.1}{Data Flow Diagram}{chapter.4}% 18
\BOOKMARK [1][-]{section.4.2}{State Transition Diagram}{chapter.4}% 19
\BOOKMARK [0][-]{chapter.5}{System Design}{}% 20
\BOOKMARK [1][-]{section.5.1}{System Architecture}{chapter.5}% 21
\BOOKMARK [1][-]{section.5.2}{UML Diagrams}{chapter.5}% 22
\BOOKMARK [2][-]{subsection.5.2.1}{Use Case Diagram}{section.5.2}% 23
\BOOKMARK [2][-]{subsection.5.2.2}{Class Diagram}{section.5.2}% 24
\BOOKMARK [2][-]{subsection.5.2.3}{Activity Diagram}{section.5.2}% 25
\BOOKMARK [2][-]{subsection.5.2.4}{Sequence Diagram}{section.5.2}% 26
\BOOKMARK [0][-]{chapter.6}{Coding}{}% 27
\BOOKMARK [1][-]{section.6.1}{Algorithm}{chapter.6}% 28
\BOOKMARK [2][-]{subsection.6.1.1}{Logistic Function}{section.6.1}% 29
\BOOKMARK [2][-]{subsection.6.1.2}{Logistic Regression Model}{section.6.1}% 30
\BOOKMARK [1][-]{section.6.2}{References to Technology}{chapter.6}% 31
\BOOKMARK [2][-]{subsection.6.2.1}{LaaS: Learning-as-a-Service}{section.6.2}% 32
\BOOKMARK [2][-]{subsection.6.2.2}{IoT: Internet of "Things"}{section.6.2}% 33
\BOOKMARK [2][-]{subsection.6.2.3}{Raspberry Pi}{section.6.2}% 34
\BOOKMARK [2][-]{subsection.6.2.4}{Python}{section.6.2}% 35
\BOOKMARK [2][-]{subsection.6.2.5}{Flask \(Python Library\)}{section.6.2}% 36
\BOOKMARK [2][-]{subsection.6.2.6}{SciKit Learn \(Python Library\)}{section.6.2}% 37
\BOOKMARK [2][-]{subsection.6.2.7}{HTML}{section.6.2}% 38
\BOOKMARK [2][-]{subsection.6.2.8}{JavaScript}{section.6.2}% 39
\BOOKMARK [2][-]{subsection.6.2.9}{RESTful Web APIs}{section.6.2}% 40
\BOOKMARK [1][-]{section.6.3}{Advantages}{chapter.6}% 41
\BOOKMARK [1][-]{section.6.4}{Applications}{chapter.6}% 42
\BOOKMARK [0][-]{chapter.7}{Result Sets}{}% 43
\BOOKMARK [0][-]{chapter.8}{Testing}{}% 44
\BOOKMARK [1][-]{section.8.1}{Test Plan}{chapter.8}% 45
\BOOKMARK [2][-]{subsection.8.1.1}{Scope}{section.8.1}% 46
\BOOKMARK [2][-]{subsection.8.1.2}{Not in Scope}{section.8.1}% 47
\BOOKMARK [2][-]{subsection.8.1.3}{Assumptions}{section.8.1}% 48
\BOOKMARK [2][-]{subsection.8.1.4}{Environment}{section.8.1}% 49
\BOOKMARK [2][-]{subsection.8.1.5}{Tools}{section.8.1}% 50
\BOOKMARK [2][-]{subsection.8.1.6}{Exit Criteria}{section.8.1}% 51
\BOOKMARK [1][-]{section.8.2}{Test Cases}{chapter.8}% 52
\BOOKMARK [1][-]{section.8.3}{Test Results}{chapter.8}% 53
\BOOKMARK [0][-]{chapter.9}{Conclusion}{}% 54
\BOOKMARK [0][-]{section*.95}{ References}{}% 55
\BOOKMARK [0][-]{section*.97}{Plagiarism Check Report}{}% 56
\BOOKMARK [0][-]{section*.99}{Paper Published Details}{}% 57
